<?xml version="1.0" encoding="UTF-8"?>
<!-- Generated by org.testng.reporters.JUnitReportReporter -->
<testsuite hostname="DESKTOP-P7GUUQ7" failures="0" tests="2" name="flipcart_package.TestingSauce" time="40.645" errors="0" timestamp="2023-01-18T13:40:51 IST" skipped="0">
  <testcase classname="flipcart_package.TestingSauce" name="verify_Login" time="0.327"/>
  <system-out/>
  <testcase classname="flipcart_package.TestingSauce" name="addingcart" time="40.318"/>
  <system-out/>
</testsuite> <!-- flipcart_package.TestingSauce -->
