<?xml version="1.0" encoding="UTF-8"?>
<!-- Generated by org.testng.reporters.JUnitReportReporter -->
<testsuite hostname="DESKTOP-P7GUUQ7" failures="0" tests="1" name="flipcart_package.Flip_Login" time="21.997" errors="0" timestamp="2023-01-18T13:41:57 IST" skipped="0">
  <testcase classname="flipcart_package.Flip_Login" name="login_flipkart" time="21.997"/>
  <system-out/>
</testsuite> <!-- flipcart_package.Flip_Login -->
